<?xml version="1.0" encoding="UTF-8"?>
<testsuite xmlns:xsi="http://www.w3.org/2001/XMLSchema-instance" xsi:noNamespaceSchemaLocation="https://maven.apache.org/surefire/maven-surefire-plugin/xsd/surefire-test-report.xsd" name="test.Test_Testable" time="0.338" tests="5" errors="0" skipped="0" failures="0">
  <properties>
[...]
</properties>
  <testcase name="middelBounddry" classname="test.Test_Testable" time="0.008"/>
  <testcase name="shouldReturnFalse" classname="test.Test_Testable" time="0.034"/>
  <testcase name="shouldReturnTrue" classname="test.Test_Testable" time="0.001"/>
  <testcase name="lowerBounddry" classname="test.Test_Testable" time="0.001"/>
  <testcase name="upperBounddry" classname="test.Test_Testable" time="0"/>
</testsuite>